<html>
<head>
<title>TestNG:  Surefire test</title>
<link href="../testng.css" rel="stylesheet" type="text/css" />
<link href="../my-testng.css" rel="stylesheet" type="text/css" />

<style type="text/css">
.log { display: none;} 
.stack-trace { display: none;} 
</style>
<script type="text/javascript">
<!--
function flip(e) {
  current = e.style.display;
  if (current == 'block') {
    e.style.display = 'none';
    return 0;
  }
  else {
    e.style.display = 'block';
    return 1;
  }
}

function toggleBox(szDivId, elem, msg1, msg2)
{
  var res = -1;  if (document.getElementById) {
    res = flip(document.getElementById(szDivId));
  }
  else if (document.all) {
    // this is the way old msie versions work
    res = flip(document.all[szDivId]);
  }
  if(elem) {
    if(res == 0) elem.innerHTML = msg1; else elem.innerHTML = msg2;
  }

}

function toggleAllBoxes() {
  if (document.getElementsByTagName) {
    d = document.getElementsByTagName('div');
    for (i = 0; i < d.length; i++) {
      if (d[i].className == 'log') {
        flip(d[i]);
      }
    }
  }
}

// -->
</script>

</head>
<body>
<h2 align='center'>Surefire test</h2><table border='1' align="center">
<tr>
<td>Tests passed/Failed/Skipped:</td><td>0/0/4</td>
</tr><tr>
<td>Started on:</td><td>Wed Apr 26 16:05:08 IST 2023</td>
</tr>
<tr><td>Total time:</td><td>0 seconds (61 ms)</td>
</tr><tr>
<td>Included groups:</td><td></td>
</tr><tr>
<td>Excluded groups:</td><td></td>
</tr>
</table><p/>
<small><i>(Hover the method name to see the test class name)</i></small><p/>
<table width='100%' border='1' class='invocation-failed'>
<tr><td colspan='4' align='center'><b>FAILED CONFIGURATIONS</b></td></tr>
<tr><td><b>Test method</b></td>
<td><b>Attribute(s)</b></td>
<td width="30%"><b>Exception</b></td>
<td width="10%"><b>Time (seconds)</b></td>
<td><b>Instance</b></td>
</tr>
<tr>
<td title='com.qa.tests.ProductTests.beforeTest()'><b>beforeTest</b><br>Test class: com.qa.tests.ProductTests</td>
<td><div><pre>org.testng.TestNGException: 
Parameter &apos;deviceName&apos; is required by BeforeTest on method beforeTest but has not been marked @Optional or defined

... Removed 26 stack frames</pre></div><a href='#' onClick='toggleBox("stack-trace873610597", this, "Click to show all stack frames", "Click to hide stack frames")'>Click to show all stack frames</a>
<div class='stack-trace' id='stack-trace873610597'><pre>org.testng.TestNGException: 
Parameter &apos;deviceName&apos; is required by BeforeTest on method beforeTest but has not been marked @Optional or defined

	at org.testng.internal.Parameters.createParams(Parameters.java:267)
	at org.testng.internal.Parameters.createParametersForMethod(Parameters.java:355)
	at org.testng.internal.Parameters.createParameters(Parameters.java:684)
	at org.testng.internal.Parameters.createConfigurationParameters(Parameters.java:166)
	at org.testng.internal.invokers.ConfigInvoker.invokeConfigurations(ConfigInvoker.java:277)
	at org.testng.TestRunner.invokeTestConfigurations(TestRunner.java:644)
	at org.testng.TestRunner.beforeRun(TestRunner.java:633)
	at org.testng.TestRunner.run(TestRunner.java:595)
	at org.testng.SuiteRunner.runTest(SuiteRunner.java:437)
	at org.testng.SuiteRunner.runSequentially(SuiteRunner.java:431)
	at org.testng.SuiteRunner.privateRun(SuiteRunner.java:391)
	at org.testng.SuiteRunner.run(SuiteRunner.java:330)
	at org.testng.SuiteRunnerWorker.runSuite(SuiteRunnerWorker.java:52)
	at org.testng.SuiteRunnerWorker.run(SuiteRunnerWorker.java:95)
	at org.testng.TestNG.runSuitesSequentially(TestNG.java:1256)
	at org.testng.TestNG.runSuitesLocally(TestNG.java:1176)
	at org.testng.TestNG.runSuites(TestNG.java:1099)
	at org.testng.TestNG.run(TestNG.java:1067)
	at org.apache.maven.surefire.testng.TestNGExecutor.run(TestNGExecutor.java:136)
	at org.apache.maven.surefire.testng.TestNGDirectoryTestSuite.executeMulti(TestNGDirectoryTestSuite.java:193)
	at org.apache.maven.surefire.testng.TestNGDirectoryTestSuite.execute(TestNGDirectoryTestSuite.java:94)
	at org.apache.maven.surefire.testng.TestNGProvider.invoke(TestNGProvider.java:145)
	at org.apache.maven.surefire.booter.ForkedBooter.runSuitesInProcess(ForkedBooter.java:428)
	at org.apache.maven.surefire.booter.ForkedBooter.execute(ForkedBooter.java:162)
	at org.apache.maven.surefire.booter.ForkedBooter.run(ForkedBooter.java:562)
	at org.apache.maven.surefire.booter.ForkedBooter.main(ForkedBooter.java:548)
</pre></div></td>
<td>-1682505308</td>
<td>com.qa.tests.ProductTests@3835c46</td></tr>
</table><p>
<table width='100%' border='1' class='invocation-skipped'>
<tr><td colspan='4' align='center'><b>SKIPPED CONFIGURATIONS</b></td></tr>
<tr><td><b>Test method</b></td>
<td><b>Attribute(s)</b></td>
<td width="30%"><b>Exception</b></td>
<td width="10%"><b>Time (seconds)</b></td>
<td><b>Instance</b></td>
</tr>
<tr>
<td title='com.qa.tests.ProductTests.afterMethod()'><b>afterMethod</b><br>Test class: com.qa.tests.ProductTests</td>
<td></td>
<td>0</td>
<td>com.qa.tests.ProductTests@3835c46</td></tr>
<tr>
<td title='com.qa.tests.ProductTests.beforeMethod()'><b>beforeMethod</b><br>Test class: com.qa.tests.ProductTests</td>
<td></td>
<td>0</td>
<td>com.qa.tests.ProductTests@3835c46</td></tr>
<tr>
<td title='com.qa.tests.LoginTests.afterClass()'><b>afterClass</b><br>Test class: com.qa.tests.LoginTests</td>
<td></td>
<td>0</td>
<td>com.qa.tests.LoginTests@1d9b7cce</td></tr>
<tr>
<td title='com.qa.tests.LoginTests.beforeMethod()'><b>beforeMethod</b><br>Test class: com.qa.tests.LoginTests</td>
<td></td>
<td>0</td>
<td>com.qa.tests.LoginTests@1d9b7cce</td></tr>
<tr>
<td title='com.qa.tests.LoginTests.beforeMethod()'><b>beforeMethod</b><br>Test class: com.qa.tests.LoginTests</td>
<td></td>
<td>0</td>
<td>com.qa.tests.LoginTests@1d9b7cce</td></tr>
<tr>
<td title='com.qa.tests.LoginTests.afterMethod()'><b>afterMethod</b><br>Test class: com.qa.tests.LoginTests</td>
<td></td>
<td>0</td>
<td>com.qa.tests.LoginTests@1d9b7cce</td></tr>
<tr>
<td title='com.qa.tests.ProductTests.aftertest()'><b>aftertest</b><br>Test class: com.qa.tests.ProductTests</td>
<td></td>
<td>0</td>
<td>com.qa.tests.ProductTests@3835c46</td></tr>
<tr>
<td title='com.qa.tests.ProductTests.afterClass()'><b>afterClass</b><br>Test class: com.qa.tests.ProductTests</td>
<td></td>
<td>0</td>
<td>com.qa.tests.ProductTests@3835c46</td></tr>
<tr>
<td title='com.qa.tests.ProductTests.beforeMethod()'><b>beforeMethod</b><br>Test class: com.qa.tests.ProductTests</td>
<td></td>
<td>0</td>
<td>com.qa.tests.ProductTests@3835c46</td></tr>
<tr>
<td title='com.qa.tests.LoginTests.beforeMethod()'><b>beforeMethod</b><br>Test class: com.qa.tests.LoginTests</td>
<td></td>
<td>0</td>
<td>com.qa.tests.LoginTests@1d9b7cce</td></tr>
<tr>
<td title='com.qa.tests.ProductTests.afterMethod()'><b>afterMethod</b><br>Test class: com.qa.tests.ProductTests</td>
<td></td>
<td>0</td>
<td>com.qa.tests.ProductTests@3835c46</td></tr>
<tr>
<td title='com.qa.tests.ProductTests.afterMethod()'><b>afterMethod</b><br>Test class: com.qa.tests.ProductTests</td>
<td></td>
<td>0</td>
<td>com.qa.tests.ProductTests@3835c46</td></tr>
<tr>
<td title='com.qa.tests.LoginTests.afterMethod()'><b>afterMethod</b><br>Test class: com.qa.tests.LoginTests</td>
<td></td>
<td>0</td>
<td>com.qa.tests.LoginTests@1d9b7cce</td></tr>
<tr>
<td title='com.qa.tests.ProductTests.beforeMethod()'><b>beforeMethod</b><br>Test class: com.qa.tests.ProductTests</td>
<td></td>
<td>0</td>
<td>com.qa.tests.ProductTests@3835c46</td></tr>
<tr>
<td title='com.qa.tests.ProductTests.beforeMethod()'><b>beforeMethod</b><br>Test class: com.qa.tests.ProductTests</td>
<td></td>
<td>0</td>
<td>com.qa.tests.ProductTests@3835c46</td></tr>
<tr>
<td title='com.qa.tests.ProductTests.beforeClass()'><b>beforeClass</b><br>Test class: com.qa.tests.ProductTests</td>
<td></td>
<td>0</td>
<td>com.qa.tests.ProductTests@3835c46</td></tr>
<tr>
<td title='com.qa.tests.LoginTests.afterMethod()'><b>afterMethod</b><br>Test class: com.qa.tests.LoginTests</td>
<td></td>
<td>0</td>
<td>com.qa.tests.LoginTests@1d9b7cce</td></tr>
<tr>
<td title='com.qa.tests.LoginTests.beforeClass()'><b>beforeClass</b><br>Test class: com.qa.tests.LoginTests</td>
<td></td>
<td>0</td>
<td>com.qa.tests.LoginTests@1d9b7cce</td></tr>
<tr>
<td title='com.qa.tests.ProductTests.afterMethod()'><b>afterMethod</b><br>Test class: com.qa.tests.ProductTests</td>
<td></td>
<td>0</td>
<td>com.qa.tests.ProductTests@3835c46</td></tr>
<tr>
<td title='com.qa.tests.LoginTests.afterMethod()'><b>afterMethod</b><br>Test class: com.qa.tests.LoginTests</td>
<td></td>
<td>0</td>
<td>com.qa.tests.LoginTests@1d9b7cce</td></tr>
<tr>
<td title='com.qa.tests.LoginTests.beforeMethod()'><b>beforeMethod</b><br>Test class: com.qa.tests.LoginTests</td>
<td></td>
<td>0</td>
<td>com.qa.tests.LoginTests@1d9b7cce</td></tr>
</table><p>
<table width='100%' border='1' class='invocation-skipped'>
<tr><td colspan='4' align='center'><b>SKIPPED TESTS</b></td></tr>
<tr><td><b>Test method</b></td>
<td><b>Attribute(s)</b></td>
<td width="30%"><b>Exception</b></td>
<td width="10%"><b>Time (seconds)</b></td>
<td><b>Instance</b></td>
</tr>
<tr>
<td title='com.qa.tests.LoginTests.InvalidUserName()'><b>InvalidUserName</b><br>Test class: com.qa.tests.LoginTests</td>
<td><div><pre>org.testng.TestNGException: 
Parameter &apos;deviceName&apos; is required by BeforeTest on method beforeTest but has not been marked @Optional or defined

... Removed 26 stack frames</pre></div><a href='#' onClick='toggleBox("stack-trace20049680", this, "Click to show all stack frames", "Click to hide stack frames")'>Click to show all stack frames</a>
<div class='stack-trace' id='stack-trace20049680'><pre>org.testng.TestNGException: 
Parameter &apos;deviceName&apos; is required by BeforeTest on method beforeTest but has not been marked @Optional or defined

	at org.testng.internal.Parameters.createParams(Parameters.java:267)
	at org.testng.internal.Parameters.createParametersForMethod(Parameters.java:355)
	at org.testng.internal.Parameters.createParameters(Parameters.java:684)
	at org.testng.internal.Parameters.createConfigurationParameters(Parameters.java:166)
	at org.testng.internal.invokers.ConfigInvoker.invokeConfigurations(ConfigInvoker.java:277)
	at org.testng.TestRunner.invokeTestConfigurations(TestRunner.java:644)
	at org.testng.TestRunner.beforeRun(TestRunner.java:633)
	at org.testng.TestRunner.run(TestRunner.java:595)
	at org.testng.SuiteRunner.runTest(SuiteRunner.java:437)
	at org.testng.SuiteRunner.runSequentially(SuiteRunner.java:431)
	at org.testng.SuiteRunner.privateRun(SuiteRunner.java:391)
	at org.testng.SuiteRunner.run(SuiteRunner.java:330)
	at org.testng.SuiteRunnerWorker.runSuite(SuiteRunnerWorker.java:52)
	at org.testng.SuiteRunnerWorker.run(SuiteRunnerWorker.java:95)
	at org.testng.TestNG.runSuitesSequentially(TestNG.java:1256)
	at org.testng.TestNG.runSuitesLocally(TestNG.java:1176)
	at org.testng.TestNG.runSuites(TestNG.java:1099)
	at org.testng.TestNG.run(TestNG.java:1067)
	at org.apache.maven.surefire.testng.TestNGExecutor.run(TestNGExecutor.java:136)
	at org.apache.maven.surefire.testng.TestNGDirectoryTestSuite.executeMulti(TestNGDirectoryTestSuite.java:193)
	at org.apache.maven.surefire.testng.TestNGDirectoryTestSuite.execute(TestNGDirectoryTestSuite.java:94)
	at org.apache.maven.surefire.testng.TestNGProvider.invoke(TestNGProvider.java:145)
	at org.apache.maven.surefire.booter.ForkedBooter.runSuitesInProcess(ForkedBooter.java:428)
	at org.apache.maven.surefire.booter.ForkedBooter.execute(ForkedBooter.java:162)
	at org.apache.maven.surefire.booter.ForkedBooter.run(ForkedBooter.java:562)
	at org.apache.maven.surefire.booter.ForkedBooter.main(ForkedBooter.java:548)
</pre></div></td>
<td>0</td>
<td>com.qa.tests.LoginTests@1d9b7cce</td></tr>
<tr>
<td title='com.qa.tests.LoginTests.ValidUser()'><b>ValidUser</b><br>Test class: com.qa.tests.LoginTests</td>
<td><div><pre>org.testng.TestNGException: 
Parameter &apos;deviceName&apos; is required by BeforeTest on method beforeTest but has not been marked @Optional or defined

... Removed 26 stack frames</pre></div><a href='#' onClick='toggleBox("stack-trace1882349076", this, "Click to show all stack frames", "Click to hide stack frames")'>Click to show all stack frames</a>
<div class='stack-trace' id='stack-trace1882349076'><pre>org.testng.TestNGException: 
Parameter &apos;deviceName&apos; is required by BeforeTest on method beforeTest but has not been marked @Optional or defined

	at org.testng.internal.Parameters.createParams(Parameters.java:267)
	at org.testng.internal.Parameters.createParametersForMethod(Parameters.java:355)
	at org.testng.internal.Parameters.createParameters(Parameters.java:684)
	at org.testng.internal.Parameters.createConfigurationParameters(Parameters.java:166)
	at org.testng.internal.invokers.ConfigInvoker.invokeConfigurations(ConfigInvoker.java:277)
	at org.testng.TestRunner.invokeTestConfigurations(TestRunner.java:644)
	at org.testng.TestRunner.beforeRun(TestRunner.java:633)
	at org.testng.TestRunner.run(TestRunner.java:595)
	at org.testng.SuiteRunner.runTest(SuiteRunner.java:437)
	at org.testng.SuiteRunner.runSequentially(SuiteRunner.java:431)
	at org.testng.SuiteRunner.privateRun(SuiteRunner.java:391)
	at org.testng.SuiteRunner.run(SuiteRunner.java:330)
	at org.testng.SuiteRunnerWorker.runSuite(SuiteRunnerWorker.java:52)
	at org.testng.SuiteRunnerWorker.run(SuiteRunnerWorker.java:95)
	at org.testng.TestNG.runSuitesSequentially(TestNG.java:1256)
	at org.testng.TestNG.runSuitesLocally(TestNG.java:1176)
	at org.testng.TestNG.runSuites(TestNG.java:1099)
	at org.testng.TestNG.run(TestNG.java:1067)
	at org.apache.maven.surefire.testng.TestNGExecutor.run(TestNGExecutor.java:136)
	at org.apache.maven.surefire.testng.TestNGDirectoryTestSuite.executeMulti(TestNGDirectoryTestSuite.java:193)
	at org.apache.maven.surefire.testng.TestNGDirectoryTestSuite.execute(TestNGDirectoryTestSuite.java:94)
	at org.apache.maven.surefire.testng.TestNGProvider.invoke(TestNGProvider.java:145)
	at org.apache.maven.surefire.booter.ForkedBooter.runSuitesInProcess(ForkedBooter.java:428)
	at org.apache.maven.surefire.booter.ForkedBooter.execute(ForkedBooter.java:162)
	at org.apache.maven.surefire.booter.ForkedBooter.run(ForkedBooter.java:562)
	at org.apache.maven.surefire.booter.ForkedBooter.main(ForkedBooter.java:548)
</pre></div></td>
<td>0</td>
<td>com.qa.tests.LoginTests@1d9b7cce</td></tr>
<tr>
<td title='com.qa.tests.ProductTests.validateProductOnProductsdDetailPage()'><b>validateProductOnProductsdDetailPage</b><br>Test class: com.qa.tests.ProductTests</td>
<td><div><pre>org.testng.TestNGException: 
Parameter &apos;deviceName&apos; is required by BeforeTest on method beforeTest but has not been marked @Optional or defined

... Removed 26 stack frames</pre></div><a href='#' onClick='toggleBox("stack-trace593687897", this, "Click to show all stack frames", "Click to hide stack frames")'>Click to show all stack frames</a>
<div class='stack-trace' id='stack-trace593687897'><pre>org.testng.TestNGException: 
Parameter &apos;deviceName&apos; is required by BeforeTest on method beforeTest but has not been marked @Optional or defined

	at org.testng.internal.Parameters.createParams(Parameters.java:267)
	at org.testng.internal.Parameters.createParametersForMethod(Parameters.java:355)
	at org.testng.internal.Parameters.createParameters(Parameters.java:684)
	at org.testng.internal.Parameters.createConfigurationParameters(Parameters.java:166)
	at org.testng.internal.invokers.ConfigInvoker.invokeConfigurations(ConfigInvoker.java:277)
	at org.testng.TestRunner.invokeTestConfigurations(TestRunner.java:644)
	at org.testng.TestRunner.beforeRun(TestRunner.java:633)
	at org.testng.TestRunner.run(TestRunner.java:595)
	at org.testng.SuiteRunner.runTest(SuiteRunner.java:437)
	at org.testng.SuiteRunner.runSequentially(SuiteRunner.java:431)
	at org.testng.SuiteRunner.privateRun(SuiteRunner.java:391)
	at org.testng.SuiteRunner.run(SuiteRunner.java:330)
	at org.testng.SuiteRunnerWorker.runSuite(SuiteRunnerWorker.java:52)
	at org.testng.SuiteRunnerWorker.run(SuiteRunnerWorker.java:95)
	at org.testng.TestNG.runSuitesSequentially(TestNG.java:1256)
	at org.testng.TestNG.runSuitesLocally(TestNG.java:1176)
	at org.testng.TestNG.runSuites(TestNG.java:1099)
	at org.testng.TestNG.run(TestNG.java:1067)
	at org.apache.maven.surefire.testng.TestNGExecutor.run(TestNGExecutor.java:136)
	at org.apache.maven.surefire.testng.TestNGDirectoryTestSuite.executeMulti(TestNGDirectoryTestSuite.java:193)
	at org.apache.maven.surefire.testng.TestNGDirectoryTestSuite.execute(TestNGDirectoryTestSuite.java:94)
	at org.apache.maven.surefire.testng.TestNGProvider.invoke(TestNGProvider.java:145)
	at org.apache.maven.surefire.booter.ForkedBooter.runSuitesInProcess(ForkedBooter.java:428)
	at org.apache.maven.surefire.booter.ForkedBooter.execute(ForkedBooter.java:162)
	at org.apache.maven.surefire.booter.ForkedBooter.run(ForkedBooter.java:562)
	at org.apache.maven.surefire.booter.ForkedBooter.main(ForkedBooter.java:548)
</pre></div></td>
<td>0</td>
<td>com.qa.tests.ProductTests@3835c46</td></tr>
<tr>
<td title='com.qa.tests.ProductTests.validateProductOnProductsPage()'><b>validateProductOnProductsPage</b><br>Test class: com.qa.tests.ProductTests</td>
<td><div><pre>org.testng.TestNGException: 
Parameter &apos;deviceName&apos; is required by BeforeTest on method beforeTest but has not been marked @Optional or defined

... Removed 26 stack frames</pre></div><a href='#' onClick='toggleBox("stack-trace1630678941", this, "Click to show all stack frames", "Click to hide stack frames")'>Click to show all stack frames</a>
<div class='stack-trace' id='stack-trace1630678941'><pre>org.testng.TestNGException: 
Parameter &apos;deviceName&apos; is required by BeforeTest on method beforeTest but has not been marked @Optional or defined

	at org.testng.internal.Parameters.createParams(Parameters.java:267)
	at org.testng.internal.Parameters.createParametersForMethod(Parameters.java:355)
	at org.testng.internal.Parameters.createParameters(Parameters.java:684)
	at org.testng.internal.Parameters.createConfigurationParameters(Parameters.java:166)
	at org.testng.internal.invokers.ConfigInvoker.invokeConfigurations(ConfigInvoker.java:277)
	at org.testng.TestRunner.invokeTestConfigurations(TestRunner.java:644)
	at org.testng.TestRunner.beforeRun(TestRunner.java:633)
	at org.testng.TestRunner.run(TestRunner.java:595)
	at org.testng.SuiteRunner.runTest(SuiteRunner.java:437)
	at org.testng.SuiteRunner.runSequentially(SuiteRunner.java:431)
	at org.testng.SuiteRunner.privateRun(SuiteRunner.java:391)
	at org.testng.SuiteRunner.run(SuiteRunner.java:330)
	at org.testng.SuiteRunnerWorker.runSuite(SuiteRunnerWorker.java:52)
	at org.testng.SuiteRunnerWorker.run(SuiteRunnerWorker.java:95)
	at org.testng.TestNG.runSuitesSequentially(TestNG.java:1256)
	at org.testng.TestNG.runSuitesLocally(TestNG.java:1176)
	at org.testng.TestNG.runSuites(TestNG.java:1099)
	at org.testng.TestNG.run(TestNG.java:1067)
	at org.apache.maven.surefire.testng.TestNGExecutor.run(TestNGExecutor.java:136)
	at org.apache.maven.surefire.testng.TestNGDirectoryTestSuite.executeMulti(TestNGDirectoryTestSuite.java:193)
	at org.apache.maven.surefire.testng.TestNGDirectoryTestSuite.execute(TestNGDirectoryTestSuite.java:94)
	at org.apache.maven.surefire.testng.TestNGProvider.invoke(TestNGProvider.java:145)
	at org.apache.maven.surefire.booter.ForkedBooter.runSuitesInProcess(ForkedBooter.java:428)
	at org.apache.maven.surefire.booter.ForkedBooter.execute(ForkedBooter.java:162)
	at org.apache.maven.surefire.booter.ForkedBooter.run(ForkedBooter.java:562)
	at org.apache.maven.surefire.booter.ForkedBooter.main(ForkedBooter.java:548)
</pre></div></td>
<td>0</td>
<td>com.qa.tests.ProductTests@3835c46</td></tr>
</table><p>
</body>
</html>