<?xml version="1.0" encoding="UTF-8"?>
<!-- Generated by org.testng.reporters.JUnitXMLReporter -->
<testsuite ignored="1" hostname="Solvatives-MacBook-Air.local" failures="1" tests="1" name="Test" time="22.291" errors="0" timestamp="2023-04-15T20:51:39 IST">
  <testcase classname="com.qa.tests.LoginTests" name="ValidUser" time="5.098">
    <failure type="java.lang.AssertionError" message="expected [PRODUCTS7] but found [PRODUCTS]">
      <![CDATA[java.lang.AssertionError: expected [PRODUCTS7] but found [PRODUCTS]
at com.qa.tests.LoginTests.ValidUser(LoginTests.java:158)
at java.base/java.util.ArrayList.forEach(ArrayList.java:1511)
... Removed 33 stack frames]]>
    </failure>
  </testcase> <!-- ValidUser -->
  <testcase classname="com.qa.tests.LoginTests" name="InvalidUserName" time="0.0">
    <ignored/>
  </testcase> <!-- InvalidUserName -->
</testsuite> <!-- Test -->
